Arguments: 
  /usr/local/bin/node /usr/local/bin/yarn

PATH: 
  /opt/homebrew/bin:/opt/homebrew/sbin:/usr/local/bin:/usr/bin:/bin:/usr/sbin:/sbin:/Library/Apple/usr/bin:/Users/antoni.malinowski/WebstormProjects/js-chat/node_modules/.bin

Yarn version: 
  1.22.19

Node version: 
  19.5.0

Platform: 
  darwin x64

Trace: 
  Error: https://registry.yarnpkg.com/@pubnub%2fchat: Not found
      at params.callback [as _callback] (/usr/local/lib/node_modules/yarn/lib/cli.js:66145:18)
      at self.callback (/usr/local/lib/node_modules/yarn/lib/cli.js:140890:22)
      at Request.emit (node:events:512:28)
      at Request.<anonymous> (/usr/local/lib/node_modules/yarn/lib/cli.js:141862:10)
      at Request.emit (node:events:512:28)
      at IncomingMessage.<anonymous> (/usr/local/lib/node_modules/yarn/lib/cli.js:141784:12)
      at Object.onceWrapper (node:events:626:28)
      at IncomingMessage.emit (node:events:524:35)
      at endReadableNT (node:internal/streams/readable:1359:12)
      at process.processTicksAndRejections (node:internal/process/task_queues:82:21)

npm manifest: 
  {
    "name": "angular",
    "version": "0.0.0",
    "scripts": {
      "ng": "ng",
      "start": "ng serve",
      "build": "ng build",
      "watch": "ng build --watch --configuration development",
      "test": "ng test"
    },
    "private": true,
    "dependencies": {
      "@angular/animations": "^15.2.0",
      "@angular/common": "^15.2.0",
      "@angular/compiler": "^15.2.0",
      "@angular/core": "^15.2.0",
      "@angular/forms": "^15.2.0",
      "@angular/platform-browser": "^15.2.0",
      "@angular/platform-browser-dynamic": "^15.2.0",
      "@angular/router": "^15.2.0",
      "rxjs": "~7.8.0",
      "tslib": "^2.3.0",
      "zone.js": "~0.12.0",
      "@pubnub/chat": "*",
      "pubnub": "^7.2.2"
    },
    "devDependencies": {
      "@angular-devkit/build-angular": "^15.2.1",
      "@angular/cli": "~15.2.1",
      "@angular/compiler-cli": "^15.2.0",
      "@types/jasmine": "~4.3.0",
      "jasmine-core": "~4.5.0",
      "karma": "~6.4.0",
      "karma-chrome-launcher": "~3.1.0",
      "karma-coverage": "~2.2.0",
      "karma-jasmine": "~5.1.0",
      "karma-jasmine-html-reporter": "~2.0.0",
      "typescript": "~4.9.4",
      "@types/pubnub": "^7.2.1"
    }
  }

yarn manifest: 
  No manifest

Lockfile: 
  No lockfile
